# Generated by Apache Directory Studio on September 6, 2014 1:12:44 PM

# SCHEMA "UMAPUS"
#!RESULT OK
#!CONNECTION ldap://localhost:10389
#!DATE 2014-09-06T13:27:38.734
dn: cn=umapus, ou=schema
objectclass: metaSchema
objectclass: top
cn: umapus
m-dependencies: system
m-dependencies: inetorgperson
m-dependencies: core

#!RESULT OK
#!CONNECTION ldap://localhost:10389
#!DATE 2014-09-06T13:27:38.750
dn: ou=attributetypes, cn=umapus, ou=schema
objectclass: organizationalUnit
objectclass: top
ou: attributetypes

#!RESULT OK
#!CONNECTION ldap://localhost:10389
#!DATE 2014-09-06T13:27:38.765
dn: m-oid=1.9.9.9.9, ou=attributetypes, cn=umapus, ou=schema
objectclass: metaAttributeType
objectclass: metaTop
objectclass: top
m-oid: 1.9.9.9.9
m-name: graphid
m-description: Graph id - external reference if to Graph DB
m-equality: caseIgnoreMatch
m-ordering: caseIgnoreMatch
m-syntax: 1.3.6.1.4.1.1466.115.121.1.15

#!RESULT OK
#!CONNECTION ldap://localhost:10389
#!DATE 2014-09-06T13:27:38.781
dn: ou=comparators, cn=umapus, ou=schema
objectclass: organizationalUnit
objectclass: top
ou: comparators

#!RESULT OK
#!CONNECTION ldap://localhost:10389
#!DATE 2014-09-06T13:27:38.781
dn: ou=ditcontentrules, cn=umapus, ou=schema
objectclass: organizationalUnit
objectclass: top
ou: ditcontentrules

#!RESULT OK
#!CONNECTION ldap://localhost:10389
#!DATE 2014-09-06T13:27:38.796
dn: ou=ditstructurerules, cn=umapus, ou=schema
objectclass: organizationalUnit
objectclass: top
ou: ditstructurerules

#!RESULT OK
#!CONNECTION ldap://localhost:10389
#!DATE 2014-09-06T13:27:38.796
dn: ou=matchingrules, cn=umapus, ou=schema
objectclass: organizationalUnit
objectclass: top
ou: matchingrules

#!RESULT OK
#!CONNECTION ldap://localhost:10389
#!DATE 2014-09-06T13:27:38.843
dn: ou=matchingruleuse, cn=umapus, ou=schema
objectclass: organizationalUnit
objectclass: top
ou: matchingruleuse

#!RESULT OK
#!CONNECTION ldap://localhost:10389
#!DATE 2014-09-06T13:27:38.859
dn: ou=nameforms, cn=umapus, ou=schema
objectclass: organizationalUnit
objectclass: top
ou: nameforms

#!RESULT OK
#!CONNECTION ldap://localhost:10389
#!DATE 2014-09-06T13:27:38.875
dn: ou=normalizers, cn=umapus, ou=schema
objectclass: organizationalUnit
objectclass: top
ou: normalizers

#!RESULT OK
#!CONNECTION ldap://localhost:10389
#!DATE 2014-09-06T13:27:38.890
dn: ou=objectclasses, cn=umapus, ou=schema
objectclass: organizationalUnit
objectclass: top
ou: objectClasses

#!RESULT OK
#!CONNECTION ldap://localhost:10389
#!DATE 2014-09-06T13:27:38.906
dn: m-oid=1.9.9.9, ou=objectclasses, cn=umapus, ou=schema
objectclass: metaObjectClass
objectclass: metaTop
objectclass: top
m-oid: 1.9.9.9
m-name: umapusmembers
m-description: Object class for umapus memebers
m-supObjectClass: inetOrgPerson
m-must: cn
m-must: graphid
m-must: sn
m-must: userPassword
m-must: mail
m-must: uid
m-may: description
m-may: uniqueMember

#!RESULT OK
#!CONNECTION ldap://localhost:10389
#!DATE 2014-09-06T13:27:38.921
dn: ou=syntaxcheckers, cn=umapus, ou=schema
objectclass: organizationalUnit
objectclass: top
ou: syntaxcheckers

#!RESULT OK
#!CONNECTION ldap://localhost:10389
#!DATE 2014-09-06T13:27:38.921
dn: ou=syntaxes, cn=umapus, ou=schema
objectclass: organizationalUnit
objectclass: top
ou: syntaxes

